<?xml version="1.0" encoding="UTF-8"?>
<!-- Generated by org.testng.reporters.JUnitReportReporter -->
<testsuite hostname="Rishabh" failures="0" tests="1" name="test_cases.LoginPage_Test" time="19.135" errors="0" timestamp="2025-07-06T15:11:28 IST" skipped="0">
  <testcase classname="test_cases.LoginPage_Test" name="verifyWebUrl_Test" time="19.135"/>
  <system-out/>
</testsuite> <!-- test_cases.LoginPage_Test -->
